Caricamento dell'estensione "XFIG Input" fallita a causa di una dipendenza non è stata soddisfatta
Dipendenza:
	tipo: executable
	posizione: tracciato
	stringa: fig2dev

Caricamento dell'estensione "Export to PDF via Scribus" fallita a causa di una dipendenza non è stata soddisfatta
Dipendenza:
	tipo: executable
	posizione: tracciato
	stringa: scribus

Caricamento dell'estensione "Formula (typst)" fallita a causa di una dipendenza non è stata soddisfatta
Dipendenza:
	tipo: executable
	posizione: tracciato
	stringa: typst

Caricamento dell'estensione "Optimized PNG" fallita a causa di una dipendenza non è stata soddisfatta
Dipendenza:
	tipo: executable
	posizione: tracciato
	stringa: optipng

