00:00:00.346598 VirtualBox GUI VM Selector Window 7.0.14 r161095 linux.amd64 (Jan 19 2024 13:54:29) release log
00:00:00.346600 Log opened 2024-02-11T10:28:55.233782000Z
00:00:00.346601 Build Type: release
00:00:00.346602 OS Product: Linux
00:00:00.346603 OS Release: 6.7.4-arch1-1
00:00:00.346604 OS Version: #1 SMP PREEMPT_DYNAMIC Mon, 05 Feb 2024 22:07:49 +0000
00:00:00.346628 DMI Product Name: MS-7B86
00:00:00.346637 DMI Product Version: 2.0
00:00:00.346642 Firmware type: UEFI
00:00:00.347159 Secure Boot: Disabled
00:00:00.347196 Host RAM: 15945MB (15.5GB) total, 10771MB (10.5GB) available
00:00:00.347199 Executable: /usr/lib/virtualbox/VirtualBox
00:00:00.347199 Process ID: 14046
00:00:00.347199 Package type: LINUX_64BITS_GENERIC (OSE)
00:00:00.347225 Qt version: 5.15.12
00:00:00.348138 GUI: UIMediumEnumerator: Initial medium-enumeration finished!
00:00:00.352415 GUI: UIMediumEnumerator: Medium-enumeration started...
00:00:00.352429 GUI: UIMediumEnumerator: Medium-enumeration finished!
00:00:00.900181 GUI: UIDesktopWidgetWatchdog::sltHandleHostScreenAvailableGeometryCalculated: Screen 0 work area is actually resized to: 12x44 x 976x1020
00:01:56.957684 GUI: UIMediumEnumerator: Medium with key={{68349779-b087-434d-88d4-9a51a27fca6b}} created
00:01:57.103777 GUI: UIMediumEnumerator: Medium-enumeration finished!
00:02:02.781317 GUI: UIMediumEnumerator: Medium-enumeration finished!
00:02:14.799412 GUI: UIMediumEnumerator: Medium-enumeration finished!
00:02:14.804550 GUI: UIMediumEnumerator: Medium-enumeration finished!
00:02:14.855313 GUI: UIMediumEnumerator: Medium-enumeration finished!
00:02:21.987737 GUI: UIMediumEnumerator: Medium-enumeration finished!
00:02:25.480824 GUI: UIMediumEnumerator: Medium-enumeration finished!
00:02:27.956864 GUI: UIMediumEnumerator: Medium-enumeration finished!
00:03:22.607977 GUI: UIMediumEnumerator: Medium-enumeration finished!
00:05:04.362229 GUI: UIMediumEnumerator: Medium-enumeration finished!
00:05:09.119876 GUI: UIMediumEnumerator: Medium-enumeration finished!
00:24:33.004610 GUI: UIMediumEnumerator: Medium-enumeration finished!
00:24:41.688692 GUI: UIMediumEnumerator: Medium-enumeration finished!
00:26:12.854975 GUI: UIMediumEnumerator: Medium-enumeration finished!
00:26:21.436720 GUI: UIMediumEnumerator: Medium-enumeration finished!
00:27:15.809553 GUI: UIMediumEnumerator: Medium-enumeration finished!
00:30:09.222882 GUI: UIMediumEnumerator: Medium-enumeration finished!
00:33:24.082750 GUI: UIMediumEnumerator: Medium-enumeration finished!
00:34:31.768694 GUI: UIMediumEnumerator: Medium-enumeration finished!
00:36:15.966632 GUI: UIMediumEnumerator: Medium-enumeration finished!
00:36:32.811796 GUI: UIMediumEnumerator: Medium-enumeration finished!
00:36:35.622098 GUI: UIMediumEnumerator: Medium-enumeration finished!
00:37:55.818591 GUI: UIMediumEnumerator: Medium-enumeration finished!
00:38:16.577390 GUI: UIMediumEnumerator: Medium-enumeration finished!
00:38:17.481679 GUI: UIMediumEnumerator: Medium-enumeration finished!
00:38:42.382892 GUI: UIMediumEnumerator: Medium-enumeration finished!
00:40:13.301420 GUI: UIMediumEnumerator: Medium-enumeration finished!
00:40:27.876926 GUI: UIMediumEnumerator: Medium-enumeration finished!
00:40:33.625593 GUI: UIMediumEnumerator: Medium-enumeration finished!
00:42:12.620690 GUI: UIMediumEnumerator: Medium-enumeration finished!
00:52:56.178206 GUI: UIMediumEnumerator: Medium-enumeration finished!
00:53:04.755403 GUI: UICommon: Handling aboutToQuit request..
00:53:05.218336 GUI: UICommon: aboutToQuit request handled!
